<?xml version="1.0" encoding="UTF-8"?>
<testsuites name="jest tests" tests="2" failures="0" errors="0" time="3.663">
  <testsuite name="pad storage" errors="0" failures="0" skipped="0" timestamp="2026-07-31T21:06:02" time="1.398" tests="2">
    <testcase classname="pad storage normalizes invalid persisted state" name="pad storage normalizes invalid persisted state" time="0.001">
    </testcase>
    <testcase classname="pad storage loads and serializes state through JupyterLab StateDB" name="pad storage loads and serializes state through JupyterLab StateDB" time="0.001">
    </testcase>
  </testsuite>
</testsuites>