<?xml version="1.0" encoding="UTF-8"?>
<testsuites name="jest tests" tests="2" failures="0" errors="0" time="2.657">
  <testsuite name="Equation Forge storage" errors="0" failures="0" skipped="0" timestamp="2026-08-03T15:56:52" time="1.534" tests="2">
    <testcase classname="Equation Forge storage normalizes invalid persisted state" name="Equation Forge storage normalizes invalid persisted state" time="0.002">
    </testcase>
    <testcase classname="Equation Forge storage loads and serializes state through JupyterLab StateDB" name="Equation Forge storage loads and serializes state through JupyterLab StateDB" time="0.002">
    </testcase>
  </testsuite>
</testsuites>